<?xml version="1.0" encoding="UTF-8"?>
<!-- Generated by org.testng.reporters.JUnitReportReporter -->
<testsuite hostname="DESKTOP-FUABKC3" failures="0" tests="1" name="testScripts.ValiLogin" time="122.810" errors="0" timestamp="2022-01-14T13:39:05 IST" skipped="0">
  <testcase classname="testScripts.ValiLogin" name="getLogged" time="122.810"/>
  <system-out/>
</testsuite> <!-- testScripts.ValiLogin -->
